2023-09-30 19:29:47.736 |DEBUG| 	Using proactor: IocpProactor
2023-09-30 19:31:13.033 |INFO| 	Bytes Recieved: 3
2023-09-30 19:31:13.034 |INFO| 	Rx Data <- []
2023-09-30 19:31:13.034 |ERROR| 	Received invalid Control Code.
2023-09-30 19:31:13.034 |ERROR| 	Received invalid Control Code.
2023-09-30 19:31:13.035 |INFO| 	Rx Message Type: Poll Slave 02 F6 
2023-09-30 19:33:09.161 |DEBUG| 	Using proactor: IocpProactor
2023-09-30 19:33:22.038 |INFO| 	Bytes Recieved: 3
2023-09-30 19:33:22.038 |INFO| 	Rx Data <- FB 01 F6
2023-09-30 19:33:22.039 |ERROR| 	Received invalid Control Code.
2023-09-30 19:33:22.039 |ERROR| 	Received invalid Control Code.
2023-09-30 19:33:22.040 |INFO| 	Rx Message Type: Poll Slave 01 F6 
2023-09-30 23:09:25.176 |DEBUG| 	Using proactor: IocpProactor
2023-09-30 23:09:30.605 |INFO| 	Bytes Recieved: 3
2023-09-30 23:09:30.605 |INFO| 	Rx Data <- FB 01 F6
2023-09-30 23:09:30.607 |ERROR| 	Received invalid Control Code 01.
2023-09-30 23:09:30.607 |ERROR| 	Received invalid Control Code F6.
2023-09-30 23:09:30.608 |INFO| 	Rx Message Type: ['Poll Slave', '01', 'F6']
2023-09-30 23:10:02.553 |INFO| 	Bytes Recieved: 5
2023-09-30 23:10:02.554 |INFO| 	Rx Data <- FA 05 82 A3 F6
2023-09-30 23:10:02.554 |ERROR| 	Received invalid Control Code 05.
2023-09-30 23:10:02.554 |ERROR| 	Received invalid Control Code 82.
2023-09-30 23:10:02.554 |ERROR| 	Received invalid Control Code A3.
2023-09-30 23:10:02.555 |ERROR| 	Received invalid Control Code F6.
2023-09-30 23:10:02.555 |INFO| 	Rx Message Type: ['Acknowledge Slave', '05', '82', 'A3', 'F6']
2023-09-30 23:10:41.732 |INFO| 	Bytes Recieved: 5
2023-09-30 23:10:41.733 |INFO| 	Rx Data <- FD 02 C1 51 F6
2023-09-30 23:10:41.733 |ERROR| 	Received invalid Control Code ('FD', '02').
2023-09-30 23:10:41.733 |ERROR| 	Received invalid Control Code C1.
2023-09-30 23:10:41.734 |ERROR| 	Received invalid Control Code 51.
2023-09-30 23:10:41.734 |ERROR| 	Received invalid Control Code F6.
2023-09-30 23:10:41.735 |INFO| 	Rx Message Type: ['Recall', ('FD', '02'), 'C1', '51', 'F6']
